<?xml version="1.0" encoding="UTF-8"?>
<!-- Generated by org.testng.reporters.JUnitXMLReporter -->
<testsuite hostname="WUX-U518303L020" ignored="0" name="Test" tests="5" failures="0" timestamp="31 Mar 2017 03:25:38 GMT" time="0.121" errors="0">
  <testcase name="@BeforeClass openChrome" time="0.076" classname="testng.TestTable">
    <failure type="java.lang.NoClassDefFoundError" message="org/apache/http/config/RegistryBuilder">
      <![CDATA[java.lang.NoClassDefFoundError: org/apache/http/config/RegistryBuilder
	at org.openqa.selenium.remote.internal.HttpClientFactory.getClientConnectionManager(HttpClientFactory.java:69)
	at org.openqa.selenium.remote.internal.HttpClientFactory.<init>(HttpClientFactory.java:57)
	at org.openqa.selenium.remote.internal.HttpClientFactory.<init>(HttpClientFactory.java:60)
	at org.openqa.selenium.remote.internal.ApacheHttpClient$Factory.getDefaultHttpClientFactory(ApacheHttpClient.java:250)
	at org.openqa.selenium.remote.internal.ApacheHttpClient$Factory.<init>(ApacheHttpClient.java:227)
	at org.openqa.selenium.remote.HttpCommandExecutor.getDefaultClientFactory(HttpCommandExecutor.java:92)
	at org.openqa.selenium.remote.HttpCommandExecutor.<init>(HttpCommandExecutor.java:71)
	at org.openqa.selenium.remote.service.DriverCommandExecutor.<init>(DriverCommandExecutor.java:62)
	at org.openqa.selenium.chrome.ChromeDriverCommandExecutor.<init>(ChromeDriverCommandExecutor.java:39)
	at org.openqa.selenium.chrome.ChromeDriver.<init>(ChromeDriver.java:178)
	at org.openqa.selenium.chrome.ChromeDriver.<init>(ChromeDriver.java:167)
	at org.openqa.selenium.chrome.ChromeDriver.<init>(ChromeDriver.java:124)
	at testng.Browser.getBrowser(Browser.java:20)
	at testng.TestTable.openChrome(TestTable.java:27)
Caused by: java.lang.ClassNotFoundException: org.apache.http.config.RegistryBuilder
	at java.net.URLClassLoader$1.run(URLClassLoader.java:372)
	at java.net.URLClassLoader$1.run(URLClassLoader.java:361)
	at java.security.AccessController.doPrivileged(Native Method)
	at java.net.URLClassLoader.findClass(URLClassLoader.java:360)
	at java.lang.ClassLoader.loadClass(ClassLoader.java:424)
	at sun.misc.Launcher$AppClassLoader.loadClass(Launcher.java:308)
	at java.lang.ClassLoader.loadClass(ClassLoader.java:357)
	... 39 more
... Removed 25 stack frames]]>
    </failure>
  </testcase> <!-- @BeforeClass openChrome -->
  <testcase name="@AfterClass closeChrome" time="0.0" classname="testng.TestTable">
    <skipped/>
  </testcase> <!-- @AfterClass closeChrome -->
  <testcase name="openUrl" time="0.0" classname="testng.TestTable">
    <skipped/>
  </testcase> <!-- openUrl -->
  <testcase name="findTable" time="0.0" classname="testng.TestTable">
    <skipped/>
  </testcase> <!-- findTable -->
  <testcase name="printTableRowCount" time="0.0" classname="testng.TestTable">
    <skipped/>
  </testcase> <!-- printTableRowCount -->
  <testcase name="printTableCellData" time="0.0" classname="testng.TestTable">
    <skipped/>
  </testcase> <!-- printTableCellData -->
  <testcase name="printTableCellSum" time="0.0" classname="testng.TestTable">
    <skipped/>
  </testcase> <!-- printTableCellSum -->
</testsuite> <!-- Test -->
